<?xml version="1.0" encoding="UTF-8" ?>
<testsuite tests="1" failures="1" name="com.planittesting.cloud.jupiter.bdd.TestJupiterToys" time="5.573" errors="0" skipped="0">
  <properties>
[...]
</properties>
  <testcase classname="JupiterToys contact page" name="Testing missing Forename on contact page" time="5.573">
    <failure message="expected:&lt;...ome your feedback - [but we won&apos;t get it unless you complete the form correctly].&gt; but was:&lt;...ome your feedback - [tell it how it is].&gt;" type="org.junit.ComparisonFailure">org.junit.ComparisonFailure: expected:&lt;...ome your feedback - [but we won&apos;t get it unless you complete the form correctly].&gt; but was:&lt;...ome your feedback - [tell it how it is].&gt;
	at org.junit.Assert.assertEquals(Assert.java:115)
	at org.junit.Assert.assertEquals(Assert.java:144)
	at com.planittesting.cloud.jupiter.bdd.steps.ContactSteps.messageError(ContactSteps.java:26)
	at ✽.Error message is displayed(classpath:features//Contact.feature:13)
</failure>
    <system-out>We welcome your feedback - tell it how it is.
</system-out>
    <system-err>Starting ChromeDriver 94.0.4606.61 (418b78f5838ed0b1c69bb4e51ea0252171854915-refs/branch-heads/4606@{#1204}) on port 20906
Only local connections are allowed.
Please see https://chromedriver.chromium.org/security-considerations for suggestions on keeping ChromeDriver safe.
ChromeDriver was started successfully.
[1637376291.388][WARNING]: This version of ChromeDriver has not been tested with Chrome version 95.
Nov. 20, 2021 1:44:51 PM org.openqa.selenium.remote.ProtocolHandshake createSession
INFO: Detected dialect: W3C
</system-err>
  </testcase>
</testsuite>